CRITICAL - 2024-05-16 15:02:21 --> CodeIgniter\View\Exceptions\ViewException: Invalid file: "/pageshome.php"
[Method: GET, Route: home]
in SYSTEMPATH\Exceptions\FrameworkException.php on line 41.
 1 SYSTEMPATH\View\View.php(222): CodeIgniter\Exceptions\FrameworkException::forInvalidFile('/pageshome.php')
 2 SYSTEMPATH\Common.php(1171): CodeIgniter\View\View->render('/pageshome', [], true)
 3 APPPATH\Controllers\Pages.php(23): view('/pageshome')
 4 SYSTEMPATH\CodeIgniter.php(933): App\Controllers\Pages->view('home')
 5 SYSTEMPATH\CodeIgniter.php(509): CodeIgniter\CodeIgniter->runController(Object(App\Controllers\Pages))
 6 SYSTEMPATH\CodeIgniter.php(355): CodeIgniter\CodeIgniter->handleRequest(null, Object(Config\Cache), false)
 7 SYSTEMPATH\Boot.php(312): CodeIgniter\CodeIgniter->run()
 8 SYSTEMPATH\Boot.php(67): CodeIgniter\Boot::runCodeIgniter(Object(CodeIgniter\CodeIgniter))
 9 FCPATH\index.php(56): CodeIgniter\Boot::bootWeb(Object(Config\Paths))
10 SYSTEMPATH\Commands\Server\rewrite.php(49): require_once('C:\\Code Igniter\\project_1\\public\\index.php')
CRITICAL - 2024-05-16 15:08:08 --> CodeIgniter\View\Exceptions\ViewException: Invalid file: "welcone_message.php"
[Method: GET, Route: pages]
in SYSTEMPATH\Exceptions\FrameworkException.php on line 41.
 1 SYSTEMPATH\View\View.php(222): CodeIgniter\Exceptions\FrameworkException::forInvalidFile('welcone_message.php')
 2 SYSTEMPATH\Common.php(1171): CodeIgniter\View\View->render('welcone_message', [], true)
 3 APPPATH\Controllers\Pages.php(11): view('welcone_message')
 4 SYSTEMPATH\CodeIgniter.php(933): App\Controllers\Pages->index()
 5 SYSTEMPATH\CodeIgniter.php(509): CodeIgniter\CodeIgniter->runController(Object(App\Controllers\Pages))
 6 SYSTEMPATH\CodeIgniter.php(355): CodeIgniter\CodeIgniter->handleRequest(null, Object(Config\Cache), false)
 7 SYSTEMPATH\Boot.php(312): CodeIgniter\CodeIgniter->run()
 8 SYSTEMPATH\Boot.php(67): CodeIgniter\Boot::runCodeIgniter(Object(CodeIgniter\CodeIgniter))
 9 FCPATH\index.php(56): CodeIgniter\Boot::bootWeb(Object(Config\Paths))
10 SYSTEMPATH\Commands\Server\rewrite.php(49): require_once('C:\\Code Igniter\\project_1\\public\\index.php')
CRITICAL - 2024-05-16 15:30:53 --> Error: Call to undefined function App\Controllers\CheckFileExists()
[Method: GET, Route: home]
in APPPATH\Controllers\Pages.php on line 14.
 1 SYSTEMPATH\CodeIgniter.php(933): App\Controllers\Pages->showHome()
 2 SYSTEMPATH\CodeIgniter.php(509): CodeIgniter\CodeIgniter->runController(Object(App\Controllers\Pages))
 3 SYSTEMPATH\CodeIgniter.php(355): CodeIgniter\CodeIgniter->handleRequest(null, Object(Config\Cache), false)
 4 SYSTEMPATH\Boot.php(312): CodeIgniter\CodeIgniter->run()
 5 SYSTEMPATH\Boot.php(67): CodeIgniter\Boot::runCodeIgniter(Object(CodeIgniter\CodeIgniter))
 6 FCPATH\index.php(56): CodeIgniter\Boot::bootWeb(Object(Config\Paths))
 7 SYSTEMPATH\Commands\Server\rewrite.php(49): require_once('C:\\Code Igniter\\project_1\\public\\index.php')
CRITICAL - 2024-05-16 15:32:51 --> Error: Call to undefined function App\Controllers\CheckFileExists()
[Method: GET, Route: home]
in APPPATH\Controllers\Pages.php on line 14.
 1 SYSTEMPATH\CodeIgniter.php(933): App\Controllers\Pages->showHome()
 2 SYSTEMPATH\CodeIgniter.php(509): CodeIgniter\CodeIgniter->runController(Object(App\Controllers\Pages))
 3 SYSTEMPATH\CodeIgniter.php(355): CodeIgniter\CodeIgniter->handleRequest(null, Object(Config\Cache), false)
 4 SYSTEMPATH\Boot.php(312): CodeIgniter\CodeIgniter->run()
 5 SYSTEMPATH\Boot.php(67): CodeIgniter\Boot::runCodeIgniter(Object(CodeIgniter\CodeIgniter))
 6 FCPATH\index.php(56): CodeIgniter\Boot::bootWeb(Object(Config\Paths))
 7 SYSTEMPATH\Commands\Server\rewrite.php(49): require_once('C:\\Code Igniter\\project_1\\public\\index.php')
CRITICAL - 2024-05-16 15:33:55 --> Error: Call to undefined function App\Controllers\CheckFileExists()
[Method: GET, Route: home]
in APPPATH\Controllers\Pages.php on line 15.
 1 SYSTEMPATH\CodeIgniter.php(933): App\Controllers\Pages->showHome()
 2 SYSTEMPATH\CodeIgniter.php(509): CodeIgniter\CodeIgniter->runController(Object(App\Controllers\Pages))
 3 SYSTEMPATH\CodeIgniter.php(355): CodeIgniter\CodeIgniter->handleRequest(null, Object(Config\Cache), false)
 4 SYSTEMPATH\Boot.php(312): CodeIgniter\CodeIgniter->run()
 5 SYSTEMPATH\Boot.php(67): CodeIgniter\Boot::runCodeIgniter(Object(CodeIgniter\CodeIgniter))
 6 FCPATH\index.php(56): CodeIgniter\Boot::bootWeb(Object(Config\Paths))
 7 SYSTEMPATH\Commands\Server\rewrite.php(49): require_once('C:\\Code Igniter\\project_1\\public\\index.php')
CRITICAL - 2024-05-16 15:36:28 --> Error: Call to undefined function App\Controllers\CheckFileExists()
[Method: GET, Route: home]
in APPPATH\Controllers\Pages.php on line 15.
 1 SYSTEMPATH\CodeIgniter.php(933): App\Controllers\Pages->showHome()
 2 SYSTEMPATH\CodeIgniter.php(509): CodeIgniter\CodeIgniter->runController(Object(App\Controllers\Pages))
 3 SYSTEMPATH\CodeIgniter.php(355): CodeIgniter\CodeIgniter->handleRequest(null, Object(Config\Cache), false)
 4 SYSTEMPATH\Boot.php(312): CodeIgniter\CodeIgniter->run()
 5 SYSTEMPATH\Boot.php(67): CodeIgniter\Boot::runCodeIgniter(Object(CodeIgniter\CodeIgniter))
 6 FCPATH\index.php(56): CodeIgniter\Boot::bootWeb(Object(Config\Paths))
 7 SYSTEMPATH\Commands\Server\rewrite.php(49): require_once('C:\\Code Igniter\\project_1\\public\\index.php')
CRITICAL - 2024-05-16 15:37:19 --> ErrorException: Undefined variable $filemame
[Method: GET, Route: home]
in APPPATH\Controllers\BaseController.php on line 62.
 1 APPPATH\Controllers\BaseController.php(62): CodeIgniter\Debug\Exceptions->errorHandler(2, 'Undefined variable $filemame', 'C:\\Code Igniter\\project_1\\app\\Controllers\\BaseController.php', 62)
 2 APPPATH\Controllers\Pages.php(15): App\Controllers\BaseController->CheckFileExists('Views/pages/', 'home')
 3 SYSTEMPATH\CodeIgniter.php(933): App\Controllers\Pages->showHome()
 4 SYSTEMPATH\CodeIgniter.php(509): CodeIgniter\CodeIgniter->runController(Object(App\Controllers\Pages))
 5 SYSTEMPATH\CodeIgniter.php(355): CodeIgniter\CodeIgniter->handleRequest(null, Object(Config\Cache), false)
 6 SYSTEMPATH\Boot.php(312): CodeIgniter\CodeIgniter->run()
 7 SYSTEMPATH\Boot.php(67): CodeIgniter\Boot::runCodeIgniter(Object(CodeIgniter\CodeIgniter))
 8 FCPATH\index.php(56): CodeIgniter\Boot::bootWeb(Object(Config\Paths))
 9 SYSTEMPATH\Commands\Server\rewrite.php(49): require_once('C:\\Code Igniter\\project_1\\public\\index.php')
CRITICAL - 2024-05-16 15:38:17 --> ErrorException: Undefined variable $filemame
[Method: GET, Route: home]
in APPPATH\Controllers\CommonController.php on line 12.
 1 APPPATH\Controllers\CommonController.php(12): CodeIgniter\Debug\Exceptions->errorHandler(2, 'Undefined variable $filemame', 'C:\\Code Igniter\\project_1\\app\\Controllers\\CommonController.php', 12)
 2 APPPATH\Controllers\Pages.php(15): App\controllers\CommonController->CheckFileExists('Views/pages/', 'home')
 3 SYSTEMPATH\CodeIgniter.php(933): App\Controllers\Pages->showHome()
 4 SYSTEMPATH\CodeIgniter.php(509): CodeIgniter\CodeIgniter->runController(Object(App\Controllers\Pages))
 5 SYSTEMPATH\CodeIgniter.php(355): CodeIgniter\CodeIgniter->handleRequest(null, Object(Config\Cache), false)
 6 SYSTEMPATH\Boot.php(312): CodeIgniter\CodeIgniter->run()
 7 SYSTEMPATH\Boot.php(67): CodeIgniter\Boot::runCodeIgniter(Object(CodeIgniter\CodeIgniter))
 8 FCPATH\index.php(56): CodeIgniter\Boot::bootWeb(Object(Config\Paths))
 9 SYSTEMPATH\Commands\Server\rewrite.php(49): require_once('C:\\Code Igniter\\project_1\\public\\index.php')
CRITICAL - 2024-05-16 15:39:25 --> ErrorException: Undefined variable $page
[Method: GET, Route: home]
in APPPATH\Controllers\Pages.php on line 16.
 1 APPPATH\Controllers\Pages.php(16): CodeIgniter\Debug\Exceptions->errorHandler(2, 'Undefined variable $page', 'C:\\Code Igniter\\project_1\\app\\Controllers\\Pages.php', 16)
 2 SYSTEMPATH\CodeIgniter.php(933): App\Controllers\Pages->showHome()
 3 SYSTEMPATH\CodeIgniter.php(509): CodeIgniter\CodeIgniter->runController(Object(App\Controllers\Pages))
 4 SYSTEMPATH\CodeIgniter.php(355): CodeIgniter\CodeIgniter->handleRequest(null, Object(Config\Cache), false)
 5 SYSTEMPATH\Boot.php(312): CodeIgniter\CodeIgniter->run()
 6 SYSTEMPATH\Boot.php(67): CodeIgniter\Boot::runCodeIgniter(Object(CodeIgniter\CodeIgniter))
 7 FCPATH\index.php(56): CodeIgniter\Boot::bootWeb(Object(Config\Paths))
 8 SYSTEMPATH\Commands\Server\rewrite.php(49): require_once('C:\\Code Igniter\\project_1\\public\\index.php')
CRITICAL - 2024-05-16 15:40:33 --> ErrorException: Undefined variable $title
[Method: GET, Route: home]
in APPPATH\Views\templates\header.php on line 8.
 1 APPPATH\Views\templates\header.php(8): CodeIgniter\Debug\Exceptions->errorHandler(2, 'Undefined variable $title', 'C:\\Code Igniter\\project_1\\app\\Views\\templates\\header.php', 8)
 2 SYSTEMPATH\View\View.php(234): include('C:\\Code Igniter\\project_1\\app\\Views\\templates\\header.php')
 3 SYSTEMPATH\View\View.php(237): CodeIgniter\View\View->CodeIgniter\View\{closure}()
 4 SYSTEMPATH\Common.php(1171): CodeIgniter\View\View->render('templates/header', [], true)
 5 APPPATH\Controllers\Pages.php(17): view('templates/header')
 6 SYSTEMPATH\CodeIgniter.php(933): App\Controllers\Pages->showHome()
 7 SYSTEMPATH\CodeIgniter.php(509): CodeIgniter\CodeIgniter->runController(Object(App\Controllers\Pages))
 8 SYSTEMPATH\CodeIgniter.php(355): CodeIgniter\CodeIgniter->handleRequest(null, Object(Config\Cache), false)
 9 SYSTEMPATH\Boot.php(312): CodeIgniter\CodeIgniter->run()
10 SYSTEMPATH\Boot.php(67): CodeIgniter\Boot::runCodeIgniter(Object(CodeIgniter\CodeIgniter))
11 FCPATH\index.php(56): CodeIgniter\Boot::bootWeb(Object(Config\Paths))
12 SYSTEMPATH\Commands\Server\rewrite.php(49): require_once('C:\\Code Igniter\\project_1\\public\\index.php')
CRITICAL - 2024-05-16 15:40:53 --> ParseError: syntax error, unexpected token "echo"
[Method: GET, Route: home]
in APPPATH\Views\templates\header.php on line 8.
 1 SYSTEMPATH\View\View.php(237): CodeIgniter\View\View->CodeIgniter\View\{closure}()
 2 SYSTEMPATH\Common.php(1171): CodeIgniter\View\View->render('templates/header', [], true)
 3 APPPATH\Controllers\Pages.php(17): view('templates/header')
 4 SYSTEMPATH\CodeIgniter.php(933): App\Controllers\Pages->showHome()
 5 SYSTEMPATH\CodeIgniter.php(509): CodeIgniter\CodeIgniter->runController(Object(App\Controllers\Pages))
 6 SYSTEMPATH\CodeIgniter.php(355): CodeIgniter\CodeIgniter->handleRequest(null, Object(Config\Cache), false)
 7 SYSTEMPATH\Boot.php(312): CodeIgniter\CodeIgniter->run()
 8 SYSTEMPATH\Boot.php(67): CodeIgniter\Boot::runCodeIgniter(Object(CodeIgniter\CodeIgniter))
 9 FCPATH\index.php(56): CodeIgniter\Boot::bootWeb(Object(Config\Paths))
10 SYSTEMPATH\Commands\Server\rewrite.php(49): require_once('C:\\Code Igniter\\project_1\\public\\index.php')
CRITICAL - 2024-05-16 15:41:51 --> ErrorException: Undefined variable $page
[Method: GET, Route: home]
in APPPATH\Controllers\Pages.php on line 18.
 1 APPPATH\Controllers\Pages.php(18): CodeIgniter\Debug\Exceptions->errorHandler(2, 'Undefined variable $page', 'C:\\Code Igniter\\project_1\\app\\Controllers\\Pages.php', 18)
 2 SYSTEMPATH\CodeIgniter.php(933): App\Controllers\Pages->showHome()
 3 SYSTEMPATH\CodeIgniter.php(509): CodeIgniter\CodeIgniter->runController(Object(App\Controllers\Pages))
 4 SYSTEMPATH\CodeIgniter.php(355): CodeIgniter\CodeIgniter->handleRequest(null, Object(Config\Cache), false)
 5 SYSTEMPATH\Boot.php(312): CodeIgniter\CodeIgniter->run()
 6 SYSTEMPATH\Boot.php(67): CodeIgniter\Boot::runCodeIgniter(Object(CodeIgniter\CodeIgniter))
 7 FCPATH\index.php(56): CodeIgniter\Boot::bootWeb(Object(Config\Paths))
 8 SYSTEMPATH\Commands\Server\rewrite.php(49): require_once('C:\\Code Igniter\\project_1\\public\\index.php')
CRITICAL - 2024-05-16 15:43:58 --> ErrorException: require_once(../templates/header.php): Failed to open stream: No such file or directory
[Method: GET, Route: home]
in APPPATH\Views\pages\home.php on line 1.
 1 APPPATH\Views\pages\home.php(1): CodeIgniter\Debug\Exceptions->errorHandler(2, 'require_once(../templates/header.php): Failed to open stream: No such file or directory', 'C:\\Code Igniter\\project_1\\app\\Views\\pages\\home.php', 1)
 2 APPPATH\Views\pages\home.php(1): require_once()
 3 SYSTEMPATH\View\View.php(234): include('C:\\Code Igniter\\project_1\\app\\Views\\pages\\home.php')
 4 SYSTEMPATH\View\View.php(237): CodeIgniter\View\View->CodeIgniter\View\{closure}()
 5 SYSTEMPATH\Common.php(1171): CodeIgniter\View\View->render('pages/home', [], true)
 6 APPPATH\Controllers\Pages.php(21): view('pages/home')
 7 SYSTEMPATH\CodeIgniter.php(933): App\Controllers\Pages->showHome()
 8 SYSTEMPATH\CodeIgniter.php(509): CodeIgniter\CodeIgniter->runController(Object(App\Controllers\Pages))
 9 SYSTEMPATH\CodeIgniter.php(355): CodeIgniter\CodeIgniter->handleRequest(null, Object(Config\Cache), false)
10 SYSTEMPATH\Boot.php(312): CodeIgniter\CodeIgniter->run()
11 SYSTEMPATH\Boot.php(67): CodeIgniter\Boot::runCodeIgniter(Object(CodeIgniter\CodeIgniter))
12 FCPATH\index.php(56): CodeIgniter\Boot::bootWeb(Object(Config\Paths))
13 SYSTEMPATH\Commands\Server\rewrite.php(49): require_once('C:\\Code Igniter\\project_1\\public\\index.php')
CRITICAL - 2024-05-16 15:45:18 --> ErrorException: require_once(../templates/header.php): Failed to open stream: No such file or directory
[Method: GET, Route: home]
in APPPATH\Views\pages\home.php on line 1.
 1 APPPATH\Views\pages\home.php(1): CodeIgniter\Debug\Exceptions->errorHandler(2, 'require_once(../templates/header.php): Failed to open stream: No such file or directory', 'C:\\Code Igniter\\project_1\\app\\Views\\pages\\home.php', 1)
 2 APPPATH\Views\pages\home.php(1): require_once()
 3 SYSTEMPATH\View\View.php(234): include('C:\\Code Igniter\\project_1\\app\\Views\\pages\\home.php')
 4 SYSTEMPATH\View\View.php(237): CodeIgniter\View\View->CodeIgniter\View\{closure}()
 5 SYSTEMPATH\Common.php(1171): CodeIgniter\View\View->render('pages/home', [], true)
 6 APPPATH\Controllers\Pages.php(18): view('pages/home')
 7 SYSTEMPATH\CodeIgniter.php(933): App\Controllers\Pages->showHome()
 8 SYSTEMPATH\CodeIgniter.php(509): CodeIgniter\CodeIgniter->runController(Object(App\Controllers\Pages))
 9 SYSTEMPATH\CodeIgniter.php(355): CodeIgniter\CodeIgniter->handleRequest(null, Object(Config\Cache), false)
10 SYSTEMPATH\Boot.php(312): CodeIgniter\CodeIgniter->run()
11 SYSTEMPATH\Boot.php(67): CodeIgniter\Boot::runCodeIgniter(Object(CodeIgniter\CodeIgniter))
12 FCPATH\index.php(56): CodeIgniter\Boot::bootWeb(Object(Config\Paths))
13 SYSTEMPATH\Commands\Server\rewrite.php(49): require_once('C:\\Code Igniter\\project_1\\public\\index.php')
CRITICAL - 2024-05-16 15:45:20 --> ErrorException: require_once(../templates/header.php): Failed to open stream: No such file or directory
[Method: GET, Route: home]
in APPPATH\Views\pages\home.php on line 1.
 1 APPPATH\Views\pages\home.php(1): CodeIgniter\Debug\Exceptions->errorHandler(2, 'require_once(../templates/header.php): Failed to open stream: No such file or directory', 'C:\\Code Igniter\\project_1\\app\\Views\\pages\\home.php', 1)
 2 APPPATH\Views\pages\home.php(1): require_once()
 3 SYSTEMPATH\View\View.php(234): include('C:\\Code Igniter\\project_1\\app\\Views\\pages\\home.php')
 4 SYSTEMPATH\View\View.php(237): CodeIgniter\View\View->CodeIgniter\View\{closure}()
 5 SYSTEMPATH\Common.php(1171): CodeIgniter\View\View->render('pages/home', [], true)
 6 APPPATH\Controllers\Pages.php(18): view('pages/home')
 7 SYSTEMPATH\CodeIgniter.php(933): App\Controllers\Pages->showHome()
 8 SYSTEMPATH\CodeIgniter.php(509): CodeIgniter\CodeIgniter->runController(Object(App\Controllers\Pages))
 9 SYSTEMPATH\CodeIgniter.php(355): CodeIgniter\CodeIgniter->handleRequest(null, Object(Config\Cache), false)
10 SYSTEMPATH\Boot.php(312): CodeIgniter\CodeIgniter->run()
11 SYSTEMPATH\Boot.php(67): CodeIgniter\Boot::runCodeIgniter(Object(CodeIgniter\CodeIgniter))
12 FCPATH\index.php(56): CodeIgniter\Boot::bootWeb(Object(Config\Paths))
13 SYSTEMPATH\Commands\Server\rewrite.php(49): require_once('C:\\Code Igniter\\project_1\\public\\index.php')
CRITICAL - 2024-05-16 15:45:21 --> ErrorException: require_once(../templates/header.php): Failed to open stream: No such file or directory
[Method: GET, Route: home]
in APPPATH\Views\pages\home.php on line 1.
 1 APPPATH\Views\pages\home.php(1): CodeIgniter\Debug\Exceptions->errorHandler(2, 'require_once(../templates/header.php): Failed to open stream: No such file or directory', 'C:\\Code Igniter\\project_1\\app\\Views\\pages\\home.php', 1)
 2 APPPATH\Views\pages\home.php(1): require_once()
 3 SYSTEMPATH\View\View.php(234): include('C:\\Code Igniter\\project_1\\app\\Views\\pages\\home.php')
 4 SYSTEMPATH\View\View.php(237): CodeIgniter\View\View->CodeIgniter\View\{closure}()
 5 SYSTEMPATH\Common.php(1171): CodeIgniter\View\View->render('pages/home', [], true)
 6 APPPATH\Controllers\Pages.php(18): view('pages/home')
 7 SYSTEMPATH\CodeIgniter.php(933): App\Controllers\Pages->showHome()
 8 SYSTEMPATH\CodeIgniter.php(509): CodeIgniter\CodeIgniter->runController(Object(App\Controllers\Pages))
 9 SYSTEMPATH\CodeIgniter.php(355): CodeIgniter\CodeIgniter->handleRequest(null, Object(Config\Cache), false)
10 SYSTEMPATH\Boot.php(312): CodeIgniter\CodeIgniter->run()
11 SYSTEMPATH\Boot.php(67): CodeIgniter\Boot::runCodeIgniter(Object(CodeIgniter\CodeIgniter))
12 FCPATH\index.php(56): CodeIgniter\Boot::bootWeb(Object(Config\Paths))
13 SYSTEMPATH\Commands\Server\rewrite.php(49): require_once('C:\\Code Igniter\\project_1\\public\\index.php')
CRITICAL - 2024-05-16 16:02:18 --> ErrorException: Undefined variable $filename
[Method: GET, Route: home]
in APPPATH\Controllers\CommonController.php on line 14.
 1 APPPATH\Controllers\CommonController.php(14): CodeIgniter\Debug\Exceptions->errorHandler(2, 'Undefined variable $filename', 'C:\\Code Igniter\\project_1\\app\\Controllers\\CommonController.php', 14)
 2 APPPATH\Controllers\Pages.php(15): App\controllers\CommonController->CheckFileExists('Views/pages/', 'home')
 3 SYSTEMPATH\CodeIgniter.php(933): App\Controllers\Pages->showHome()
 4 SYSTEMPATH\CodeIgniter.php(509): CodeIgniter\CodeIgniter->runController(Object(App\Controllers\Pages))
 5 SYSTEMPATH\CodeIgniter.php(355): CodeIgniter\CodeIgniter->handleRequest(null, Object(Config\Cache), false)
 6 SYSTEMPATH\Boot.php(312): CodeIgniter\CodeIgniter->run()
 7 SYSTEMPATH\Boot.php(67): CodeIgniter\Boot::runCodeIgniter(Object(CodeIgniter\CodeIgniter))
 8 FCPATH\index.php(56): CodeIgniter\Boot::bootWeb(Object(Config\Paths))
 9 SYSTEMPATH\Commands\Server\rewrite.php(49): require_once('C:\\Code Igniter\\project_1\\public\\index.php')
