CRITICAL - 2024-08-13 19:12:24 --> Error: Call to a member function getSliderDetailes() on null
[Method: GET, Route: backoffice-slider]
in APPPATH\Controllers\Slider.php on line 14.
 1 SYSTEMPATH\CodeIgniter.php(933): App\Controllers\Slider->showSliderDetailes()
 2 SYSTEMPATH\CodeIgniter.php(509): CodeIgniter\CodeIgniter->runController(Object(App\Controllers\Slider))
 3 SYSTEMPATH\CodeIgniter.php(355): CodeIgniter\CodeIgniter->handleRequest(null, Object(Config\Cache), false)
 4 SYSTEMPATH\Boot.php(312): CodeIgniter\CodeIgniter->run()
 5 SYSTEMPATH\Boot.php(67): CodeIgniter\Boot::runCodeIgniter(Object(CodeIgniter\CodeIgniter))
 6 FCPATH\index.php(56): CodeIgniter\Boot::bootWeb(Object(Config\Paths))
 7 SYSTEMPATH\Commands\Server\rewrite.php(49): require_once('C:\\Code Igniter\\project_1\\public\\index.php')
CRITICAL - 2024-08-13 19:22:22 --> Error: Call to a member function getSliderDetailes() on null
[Method: GET, Route: backoffice-slider]
in APPPATH\Controllers\Slider.php on line 14.
 1 SYSTEMPATH\CodeIgniter.php(933): App\Controllers\Slider->showSliderDetailes()
 2 SYSTEMPATH\CodeIgniter.php(509): CodeIgniter\CodeIgniter->runController(Object(App\Controllers\Slider))
 3 SYSTEMPATH\CodeIgniter.php(355): CodeIgniter\CodeIgniter->handleRequest(null, Object(Config\Cache), false)
 4 SYSTEMPATH\Boot.php(312): CodeIgniter\CodeIgniter->run()
 5 SYSTEMPATH\Boot.php(67): CodeIgniter\Boot::runCodeIgniter(Object(CodeIgniter\CodeIgniter))
 6 FCPATH\index.php(56): CodeIgniter\Boot::bootWeb(Object(Config\Paths))
 7 SYSTEMPATH\Commands\Server\rewrite.php(49): require_once('C:\\Code Igniter\\project_1\\public\\index.php')
CRITICAL - 2024-08-13 19:23:10 --> Error: Call to a member function getSliderDetailes() on null
[Method: GET, Route: backoffice-slider]
in APPPATH\Controllers\Slider.php on line 14.
 1 SYSTEMPATH\CodeIgniter.php(933): App\Controllers\Slider->showSliderDetailes()
 2 SYSTEMPATH\CodeIgniter.php(509): CodeIgniter\CodeIgniter->runController(Object(App\Controllers\Slider))
 3 SYSTEMPATH\CodeIgniter.php(355): CodeIgniter\CodeIgniter->handleRequest(null, Object(Config\Cache), false)
 4 SYSTEMPATH\Boot.php(312): CodeIgniter\CodeIgniter->run()
 5 SYSTEMPATH\Boot.php(67): CodeIgniter\Boot::runCodeIgniter(Object(CodeIgniter\CodeIgniter))
 6 FCPATH\index.php(56): CodeIgniter\Boot::bootWeb(Object(Config\Paths))
 7 SYSTEMPATH\Commands\Server\rewrite.php(49): require_once('C:\\Code Igniter\\project_1\\public\\index.php')
CRITICAL - 2024-08-13 19:23:30 --> Error: Call to a member function getSliderDetailes() on null
[Method: GET, Route: backoffice-slider]
in APPPATH\Controllers\Slider.php on line 14.
 1 SYSTEMPATH\CodeIgniter.php(933): App\Controllers\Slider->showSliderDetailes()
 2 SYSTEMPATH\CodeIgniter.php(509): CodeIgniter\CodeIgniter->runController(Object(App\Controllers\Slider))
 3 SYSTEMPATH\CodeIgniter.php(355): CodeIgniter\CodeIgniter->handleRequest(null, Object(Config\Cache), false)
 4 SYSTEMPATH\Boot.php(312): CodeIgniter\CodeIgniter->run()
 5 SYSTEMPATH\Boot.php(67): CodeIgniter\Boot::runCodeIgniter(Object(CodeIgniter\CodeIgniter))
 6 FCPATH\index.php(56): CodeIgniter\Boot::bootWeb(Object(Config\Paths))
 7 SYSTEMPATH\Commands\Server\rewrite.php(49): require_once('C:\\Code Igniter\\project_1\\public\\index.php')
CRITICAL - 2024-08-13 19:25:24 --> ErrorException: Undefined array key "SliderId"
[Method: GET, Route: backoffice-slider]
in APPPATH\Views\pages\backoffice-slider.php on line 166.
 1 APPPATH\Views\pages\backoffice-slider.php(166): CodeIgniter\Debug\Exceptions->errorHandler(2, 'Undefined array key "SliderId"', 'C:\\Code Igniter\\project_1\\app\\Views\\pages\\backoffice-slider.php', 166)
 2 SYSTEMPATH\View\View.php(234): include('C:\\Code Igniter\\project_1\\app\\Views\\pages\\backoffice-slider.php')
 3 SYSTEMPATH\View\View.php(237): CodeIgniter\View\View->CodeIgniter\View\{closure}()
 4 SYSTEMPATH\Common.php(1171): CodeIgniter\View\View->render('pages/backoffice-slider', [], true)
 5 APPPATH\Controllers\Slider.php(19): view('pages/backoffice-slider', [...])
 6 SYSTEMPATH\CodeIgniter.php(933): App\Controllers\Slider->showSliderDetailes()
 7 SYSTEMPATH\CodeIgniter.php(509): CodeIgniter\CodeIgniter->runController(Object(App\Controllers\Slider))
 8 SYSTEMPATH\CodeIgniter.php(355): CodeIgniter\CodeIgniter->handleRequest(null, Object(Config\Cache), false)
 9 SYSTEMPATH\Boot.php(312): CodeIgniter\CodeIgniter->run()
10 SYSTEMPATH\Boot.php(67): CodeIgniter\Boot::runCodeIgniter(Object(CodeIgniter\CodeIgniter))
11 FCPATH\index.php(56): CodeIgniter\Boot::bootWeb(Object(Config\Paths))
12 SYSTEMPATH\Commands\Server\rewrite.php(49): require_once('C:\\Code Igniter\\project_1\\public\\index.php')
CRITICAL - 2024-08-13 19:25:47 --> ErrorException: Undefined array key "slug"
[Method: GET, Route: backoffice-slider]
in APPPATH\Views\pages\backoffice-slider.php on line 173.
 1 APPPATH\Views\pages\backoffice-slider.php(173): CodeIgniter\Debug\Exceptions->errorHandler(2, 'Undefined array key "slug"', 'C:\\Code Igniter\\project_1\\app\\Views\\pages\\backoffice-slider.php', 173)
 2 SYSTEMPATH\View\View.php(234): include('C:\\Code Igniter\\project_1\\app\\Views\\pages\\backoffice-slider.php')
 3 SYSTEMPATH\View\View.php(237): CodeIgniter\View\View->CodeIgniter\View\{closure}()
 4 SYSTEMPATH\Common.php(1171): CodeIgniter\View\View->render('pages/backoffice-slider', [], true)
 5 APPPATH\Controllers\Slider.php(19): view('pages/backoffice-slider', [...])
 6 SYSTEMPATH\CodeIgniter.php(933): App\Controllers\Slider->showSliderDetailes()
 7 SYSTEMPATH\CodeIgniter.php(509): CodeIgniter\CodeIgniter->runController(Object(App\Controllers\Slider))
 8 SYSTEMPATH\CodeIgniter.php(355): CodeIgniter\CodeIgniter->handleRequest(null, Object(Config\Cache), false)
 9 SYSTEMPATH\Boot.php(312): CodeIgniter\CodeIgniter->run()
10 SYSTEMPATH\Boot.php(67): CodeIgniter\Boot::runCodeIgniter(Object(CodeIgniter\CodeIgniter))
11 FCPATH\index.php(56): CodeIgniter\Boot::bootWeb(Object(Config\Paths))
12 SYSTEMPATH\Commands\Server\rewrite.php(49): require_once('C:\\Code Igniter\\project_1\\public\\index.php')
CRITICAL - 2024-08-13 19:45:54 --> CodeIgniter\HTTP\Exceptions\BadRequestException: The URI you submitted has disallowed characters: "backoffice-slider'"
[Method: GET, Route: backoffice-slider%27]
in SYSTEMPATH\Router\Router.php on line 736.
 1 SYSTEMPATH\Router\Router.php(203): CodeIgniter\Router\Router->checkDisallowedChars('backoffice-slider\'')
 2 SYSTEMPATH\CodeIgniter.php(834): CodeIgniter\Router\Router->handle('backoffice-slider\'')
 3 SYSTEMPATH\CodeIgniter.php(457): CodeIgniter\CodeIgniter->tryToRouteIt(Object(CodeIgniter\Router\RouteCollection))
 4 SYSTEMPATH\CodeIgniter.php(355): CodeIgniter\CodeIgniter->handleRequest(null, Object(Config\Cache), false)
 5 SYSTEMPATH\Boot.php(312): CodeIgniter\CodeIgniter->run()
 6 SYSTEMPATH\Boot.php(67): CodeIgniter\Boot::runCodeIgniter(Object(CodeIgniter\CodeIgniter))
 7 FCPATH\index.php(56): CodeIgniter\Boot::bootWeb(Object(Config\Paths))
 8 SYSTEMPATH\Commands\Server\rewrite.php(49): require_once('C:\\Code Igniter\\project_1\\public\\index.php')
CRITICAL - 2024-08-13 19:46:05 --> CodeIgniter\HTTP\Exceptions\BadRequestException: The URI you submitted has disallowed characters: "backoffice-slider'"
[Method: GET, Route: backoffice-slider%27]
in SYSTEMPATH\Router\Router.php on line 736.
 1 SYSTEMPATH\Router\Router.php(203): CodeIgniter\Router\Router->checkDisallowedChars('backoffice-slider\'')
 2 SYSTEMPATH\CodeIgniter.php(834): CodeIgniter\Router\Router->handle('backoffice-slider\'')
 3 SYSTEMPATH\CodeIgniter.php(457): CodeIgniter\CodeIgniter->tryToRouteIt(Object(CodeIgniter\Router\RouteCollection))
 4 SYSTEMPATH\CodeIgniter.php(355): CodeIgniter\CodeIgniter->handleRequest(null, Object(Config\Cache), false)
 5 SYSTEMPATH\Boot.php(312): CodeIgniter\CodeIgniter->run()
 6 SYSTEMPATH\Boot.php(67): CodeIgniter\Boot::runCodeIgniter(Object(CodeIgniter\CodeIgniter))
 7 FCPATH\index.php(56): CodeIgniter\Boot::bootWeb(Object(Config\Paths))
 8 SYSTEMPATH\Commands\Server\rewrite.php(49): require_once('C:\\Code Igniter\\project_1\\public\\index.php')
ERROR - 2024-08-13 20:15:56 --> mysqli_sql_exception: Unknown column 'slug' in 'where clause' in C:\Code Igniter\project_1\system\Database\MySQLi\Connection.php:308
Stack trace:
#0 C:\Code Igniter\project_1\system\Database\MySQLi\Connection.php(308): mysqli->query('SELECT *\nFROM `...', 0)
#1 C:\Code Igniter\project_1\system\Database\BaseConnection.php(722): CodeIgniter\Database\MySQLi\Connection->execute('SELECT *\nFROM `...')
#2 C:\Code Igniter\project_1\system\Database\BaseConnection.php(636): CodeIgniter\Database\BaseConnection->simpleQuery('SELECT *\nFROM `...')
#3 C:\Code Igniter\project_1\system\Database\BaseBuilder.php(1629): CodeIgniter\Database\BaseConnection->query('SELECT *\nFROM `...', Array, false)
#4 C:\Code Igniter\project_1\system\Model.php(319): CodeIgniter\Database\BaseBuilder->get()
#5 C:\Code Igniter\project_1\system\BaseModel.php(714): CodeIgniter\Model->doFirst()
#6 C:\Code Igniter\project_1\app\Models\SliderModel.php(14): CodeIgniter\BaseModel->first()
#7 C:\Code Igniter\project_1\app\Controllers\Slider.php(35): App\Models\SliderModel->getSliderDetailes('1')
#8 C:\Code Igniter\project_1\system\CodeIgniter.php(933): App\Controllers\Slider->editSlider('1')
#9 C:\Code Igniter\project_1\system\CodeIgniter.php(509): CodeIgniter\CodeIgniter->runController(Object(App\Controllers\Slider))
#10 C:\Code Igniter\project_1\system\CodeIgniter.php(355): CodeIgniter\CodeIgniter->handleRequest(NULL, Object(Config\Cache), false)
#11 C:\Code Igniter\project_1\system\Boot.php(312): CodeIgniter\CodeIgniter->run()
#12 C:\Code Igniter\project_1\system\Boot.php(67): CodeIgniter\Boot::runCodeIgniter(Object(CodeIgniter\CodeIgniter))
#13 C:\Code Igniter\project_1\public\index.php(56): CodeIgniter\Boot::bootWeb(Object(Config\Paths))
#14 C:\Code Igniter\project_1\system\Commands\Server\rewrite.php(49): require_once('C:\\Code Igniter...')
#15 {main}
CRITICAL - 2024-08-13 20:15:56 --> CodeIgniter\Database\Exceptions\DatabaseException: Unknown column 'slug' in 'where clause'
[Method: GET, Route: backoffice-slider/1]
in SYSTEMPATH\Database\BaseConnection.php on line 676.
 1 SYSTEMPATH\Database\BaseBuilder.php(1629): CodeIgniter\Database\BaseConnection->query('SELECT *
FROM `slider`
WHERE `slug` = :slug:
 LIMIT 1', [...], false)
 2 SYSTEMPATH\Model.php(319): CodeIgniter\Database\BaseBuilder->get()
 3 SYSTEMPATH\BaseModel.php(714): CodeIgniter\Model->doFirst()
 4 APPPATH\Models\SliderModel.php(14): CodeIgniter\BaseModel->first()
 5 APPPATH\Controllers\Slider.php(35): App\Models\SliderModel->getSliderDetailes('1')
 6 SYSTEMPATH\CodeIgniter.php(933): App\Controllers\Slider->editSlider('1')
 7 SYSTEMPATH\CodeIgniter.php(509): CodeIgniter\CodeIgniter->runController(Object(App\Controllers\Slider))
 8 SYSTEMPATH\CodeIgniter.php(355): CodeIgniter\CodeIgniter->handleRequest(null, Object(Config\Cache), false)
 9 SYSTEMPATH\Boot.php(312): CodeIgniter\CodeIgniter->run()
10 SYSTEMPATH\Boot.php(67): CodeIgniter\Boot::runCodeIgniter(Object(CodeIgniter\CodeIgniter))
11 FCPATH\index.php(56): CodeIgniter\Boot::bootWeb(Object(Config\Paths))
12 SYSTEMPATH\Commands\Server\rewrite.php(49): require_once('C:\\Code Igniter\\project_1\\public\\index.php')
CRITICAL - 2024-08-13 20:15:56 --> [Caused by] CodeIgniter\Database\Exceptions\DatabaseException: Unknown column 'slug' in 'where clause'
in SYSTEMPATH\Database\MySQLi\Connection.php on line 313.
 1 SYSTEMPATH\Database\BaseConnection.php(722): CodeIgniter\Database\MySQLi\Connection->execute('SELECT *
FROM `slider`
WHERE `slug` = \'1\'
 LIMIT 1')
 2 SYSTEMPATH\Database\BaseConnection.php(636): CodeIgniter\Database\BaseConnection->simpleQuery('SELECT *
FROM `slider`
WHERE `slug` = \'1\'
 LIMIT 1')
 3 SYSTEMPATH\Database\BaseBuilder.php(1629): CodeIgniter\Database\BaseConnection->query('SELECT *
FROM `slider`
WHERE `slug` = :slug:
 LIMIT 1', [...], false)
 4 SYSTEMPATH\Model.php(319): CodeIgniter\Database\BaseBuilder->get()
 5 SYSTEMPATH\BaseModel.php(714): CodeIgniter\Model->doFirst()
 6 APPPATH\Models\SliderModel.php(14): CodeIgniter\BaseModel->first()
 7 APPPATH\Controllers\Slider.php(35): App\Models\SliderModel->getSliderDetailes('1')
 8 SYSTEMPATH\CodeIgniter.php(933): App\Controllers\Slider->editSlider('1')
 9 SYSTEMPATH\CodeIgniter.php(509): CodeIgniter\CodeIgniter->runController(Object(App\Controllers\Slider))
10 SYSTEMPATH\CodeIgniter.php(355): CodeIgniter\CodeIgniter->handleRequest(null, Object(Config\Cache), false)
11 SYSTEMPATH\Boot.php(312): CodeIgniter\CodeIgniter->run()
12 SYSTEMPATH\Boot.php(67): CodeIgniter\Boot::runCodeIgniter(Object(CodeIgniter\CodeIgniter))
13 FCPATH\index.php(56): CodeIgniter\Boot::bootWeb(Object(Config\Paths))
14 SYSTEMPATH\Commands\Server\rewrite.php(49): require_once('C:\\Code Igniter\\project_1\\public\\index.php')
CRITICAL - 2024-08-13 20:15:56 --> [Caused by] mysqli_sql_exception: Unknown column 'slug' in 'where clause'
in SYSTEMPATH\Database\MySQLi\Connection.php on line 308.
 1 SYSTEMPATH\Database\MySQLi\Connection.php(308): mysqli->query('SELECT *
FROM `slider`
WHERE `slug` = \'1\'
 LIMIT 1', 0)
 2 SYSTEMPATH\Database\BaseConnection.php(722): CodeIgniter\Database\MySQLi\Connection->execute('SELECT *
FROM `slider`
WHERE `slug` = \'1\'
 LIMIT 1')
 3 SYSTEMPATH\Database\BaseConnection.php(636): CodeIgniter\Database\BaseConnection->simpleQuery('SELECT *
FROM `slider`
WHERE `slug` = \'1\'
 LIMIT 1')
 4 SYSTEMPATH\Database\BaseBuilder.php(1629): CodeIgniter\Database\BaseConnection->query('SELECT *
FROM `slider`
WHERE `slug` = :slug:
 LIMIT 1', [...], false)
 5 SYSTEMPATH\Model.php(319): CodeIgniter\Database\BaseBuilder->get()
 6 SYSTEMPATH\BaseModel.php(714): CodeIgniter\Model->doFirst()
 7 APPPATH\Models\SliderModel.php(14): CodeIgniter\BaseModel->first()
 8 APPPATH\Controllers\Slider.php(35): App\Models\SliderModel->getSliderDetailes('1')
 9 SYSTEMPATH\CodeIgniter.php(933): App\Controllers\Slider->editSlider('1')
10 SYSTEMPATH\CodeIgniter.php(509): CodeIgniter\CodeIgniter->runController(Object(App\Controllers\Slider))
11 SYSTEMPATH\CodeIgniter.php(355): CodeIgniter\CodeIgniter->handleRequest(null, Object(Config\Cache), false)
12 SYSTEMPATH\Boot.php(312): CodeIgniter\CodeIgniter->run()
13 SYSTEMPATH\Boot.php(67): CodeIgniter\Boot::runCodeIgniter(Object(CodeIgniter\CodeIgniter))
14 FCPATH\index.php(56): CodeIgniter\Boot::bootWeb(Object(Config\Paths))
15 SYSTEMPATH\Commands\Server\rewrite.php(49): require_once('C:\\Code Igniter\\project_1\\public\\index.php')
ERROR - 2024-08-13 20:21:54 --> mysqli_sql_exception: Unknown column 'slug' in 'where clause' in C:\Code Igniter\project_1\system\Database\MySQLi\Connection.php:308
Stack trace:
#0 C:\Code Igniter\project_1\system\Database\MySQLi\Connection.php(308): mysqli->query('SELECT *\nFROM `...', 0)
#1 C:\Code Igniter\project_1\system\Database\BaseConnection.php(722): CodeIgniter\Database\MySQLi\Connection->execute('SELECT *\nFROM `...')
#2 C:\Code Igniter\project_1\system\Database\BaseConnection.php(636): CodeIgniter\Database\BaseConnection->simpleQuery('SELECT *\nFROM `...')
#3 C:\Code Igniter\project_1\system\Database\BaseBuilder.php(1629): CodeIgniter\Database\BaseConnection->query('SELECT *\nFROM `...', Array, false)
#4 C:\Code Igniter\project_1\system\Model.php(319): CodeIgniter\Database\BaseBuilder->get()
#5 C:\Code Igniter\project_1\system\BaseModel.php(714): CodeIgniter\Model->doFirst()
#6 C:\Code Igniter\project_1\app\Models\SliderModel.php(14): CodeIgniter\BaseModel->first()
#7 C:\Code Igniter\project_1\app\Controllers\Slider.php(35): App\Models\SliderModel->getSliderDetailes('1')
#8 C:\Code Igniter\project_1\system\CodeIgniter.php(933): App\Controllers\Slider->editSlider('1')
#9 C:\Code Igniter\project_1\system\CodeIgniter.php(509): CodeIgniter\CodeIgniter->runController(Object(App\Controllers\Slider))
#10 C:\Code Igniter\project_1\system\CodeIgniter.php(355): CodeIgniter\CodeIgniter->handleRequest(NULL, Object(Config\Cache), false)
#11 C:\Code Igniter\project_1\system\Boot.php(312): CodeIgniter\CodeIgniter->run()
#12 C:\Code Igniter\project_1\system\Boot.php(67): CodeIgniter\Boot::runCodeIgniter(Object(CodeIgniter\CodeIgniter))
#13 C:\Code Igniter\project_1\public\index.php(56): CodeIgniter\Boot::bootWeb(Object(Config\Paths))
#14 C:\Code Igniter\project_1\system\Commands\Server\rewrite.php(49): require_once('C:\\Code Igniter...')
#15 {main}
CRITICAL - 2024-08-13 20:21:54 --> CodeIgniter\Database\Exceptions\DatabaseException: Unknown column 'slug' in 'where clause'
[Method: GET, Route: backoffice-slider/1]
in SYSTEMPATH\Database\BaseConnection.php on line 676.
 1 SYSTEMPATH\Database\BaseBuilder.php(1629): CodeIgniter\Database\BaseConnection->query('SELECT *
FROM `slider`
WHERE `slug` = :slug:
 LIMIT 1', [...], false)
 2 SYSTEMPATH\Model.php(319): CodeIgniter\Database\BaseBuilder->get()
 3 SYSTEMPATH\BaseModel.php(714): CodeIgniter\Model->doFirst()
 4 APPPATH\Models\SliderModel.php(14): CodeIgniter\BaseModel->first()
 5 APPPATH\Controllers\Slider.php(35): App\Models\SliderModel->getSliderDetailes('1')
 6 SYSTEMPATH\CodeIgniter.php(933): App\Controllers\Slider->editSlider('1')
 7 SYSTEMPATH\CodeIgniter.php(509): CodeIgniter\CodeIgniter->runController(Object(App\Controllers\Slider))
 8 SYSTEMPATH\CodeIgniter.php(355): CodeIgniter\CodeIgniter->handleRequest(null, Object(Config\Cache), false)
 9 SYSTEMPATH\Boot.php(312): CodeIgniter\CodeIgniter->run()
10 SYSTEMPATH\Boot.php(67): CodeIgniter\Boot::runCodeIgniter(Object(CodeIgniter\CodeIgniter))
11 FCPATH\index.php(56): CodeIgniter\Boot::bootWeb(Object(Config\Paths))
12 SYSTEMPATH\Commands\Server\rewrite.php(49): require_once('C:\\Code Igniter\\project_1\\public\\index.php')
CRITICAL - 2024-08-13 20:21:54 --> [Caused by] CodeIgniter\Database\Exceptions\DatabaseException: Unknown column 'slug' in 'where clause'
in SYSTEMPATH\Database\MySQLi\Connection.php on line 313.
 1 SYSTEMPATH\Database\BaseConnection.php(722): CodeIgniter\Database\MySQLi\Connection->execute('SELECT *
FROM `slider`
WHERE `slug` = \'1\'
 LIMIT 1')
 2 SYSTEMPATH\Database\BaseConnection.php(636): CodeIgniter\Database\BaseConnection->simpleQuery('SELECT *
FROM `slider`
WHERE `slug` = \'1\'
 LIMIT 1')
 3 SYSTEMPATH\Database\BaseBuilder.php(1629): CodeIgniter\Database\BaseConnection->query('SELECT *
FROM `slider`
WHERE `slug` = :slug:
 LIMIT 1', [...], false)
 4 SYSTEMPATH\Model.php(319): CodeIgniter\Database\BaseBuilder->get()
 5 SYSTEMPATH\BaseModel.php(714): CodeIgniter\Model->doFirst()
 6 APPPATH\Models\SliderModel.php(14): CodeIgniter\BaseModel->first()
 7 APPPATH\Controllers\Slider.php(35): App\Models\SliderModel->getSliderDetailes('1')
 8 SYSTEMPATH\CodeIgniter.php(933): App\Controllers\Slider->editSlider('1')
 9 SYSTEMPATH\CodeIgniter.php(509): CodeIgniter\CodeIgniter->runController(Object(App\Controllers\Slider))
10 SYSTEMPATH\CodeIgniter.php(355): CodeIgniter\CodeIgniter->handleRequest(null, Object(Config\Cache), false)
11 SYSTEMPATH\Boot.php(312): CodeIgniter\CodeIgniter->run()
12 SYSTEMPATH\Boot.php(67): CodeIgniter\Boot::runCodeIgniter(Object(CodeIgniter\CodeIgniter))
13 FCPATH\index.php(56): CodeIgniter\Boot::bootWeb(Object(Config\Paths))
14 SYSTEMPATH\Commands\Server\rewrite.php(49): require_once('C:\\Code Igniter\\project_1\\public\\index.php')
CRITICAL - 2024-08-13 20:21:54 --> [Caused by] mysqli_sql_exception: Unknown column 'slug' in 'where clause'
in SYSTEMPATH\Database\MySQLi\Connection.php on line 308.
 1 SYSTEMPATH\Database\MySQLi\Connection.php(308): mysqli->query('SELECT *
FROM `slider`
WHERE `slug` = \'1\'
 LIMIT 1', 0)
 2 SYSTEMPATH\Database\BaseConnection.php(722): CodeIgniter\Database\MySQLi\Connection->execute('SELECT *
FROM `slider`
WHERE `slug` = \'1\'
 LIMIT 1')
 3 SYSTEMPATH\Database\BaseConnection.php(636): CodeIgniter\Database\BaseConnection->simpleQuery('SELECT *
FROM `slider`
WHERE `slug` = \'1\'
 LIMIT 1')
 4 SYSTEMPATH\Database\BaseBuilder.php(1629): CodeIgniter\Database\BaseConnection->query('SELECT *
FROM `slider`
WHERE `slug` = :slug:
 LIMIT 1', [...], false)
 5 SYSTEMPATH\Model.php(319): CodeIgniter\Database\BaseBuilder->get()
 6 SYSTEMPATH\BaseModel.php(714): CodeIgniter\Model->doFirst()
 7 APPPATH\Models\SliderModel.php(14): CodeIgniter\BaseModel->first()
 8 APPPATH\Controllers\Slider.php(35): App\Models\SliderModel->getSliderDetailes('1')
 9 SYSTEMPATH\CodeIgniter.php(933): App\Controllers\Slider->editSlider('1')
10 SYSTEMPATH\CodeIgniter.php(509): CodeIgniter\CodeIgniter->runController(Object(App\Controllers\Slider))
11 SYSTEMPATH\CodeIgniter.php(355): CodeIgniter\CodeIgniter->handleRequest(null, Object(Config\Cache), false)
12 SYSTEMPATH\Boot.php(312): CodeIgniter\CodeIgniter->run()
13 SYSTEMPATH\Boot.php(67): CodeIgniter\Boot::runCodeIgniter(Object(CodeIgniter\CodeIgniter))
14 FCPATH\index.php(56): CodeIgniter\Boot::bootWeb(Object(Config\Paths))
15 SYSTEMPATH\Commands\Server\rewrite.php(49): require_once('C:\\Code Igniter\\project_1\\public\\index.php')
ERROR - 2024-08-13 20:22:02 --> mysqli_sql_exception: Unknown column 'slug' in 'where clause' in C:\Code Igniter\project_1\system\Database\MySQLi\Connection.php:308
Stack trace:
#0 C:\Code Igniter\project_1\system\Database\MySQLi\Connection.php(308): mysqli->query('SELECT *\nFROM `...', 0)
#1 C:\Code Igniter\project_1\system\Database\BaseConnection.php(722): CodeIgniter\Database\MySQLi\Connection->execute('SELECT *\nFROM `...')
#2 C:\Code Igniter\project_1\system\Database\BaseConnection.php(636): CodeIgniter\Database\BaseConnection->simpleQuery('SELECT *\nFROM `...')
#3 C:\Code Igniter\project_1\system\Database\BaseBuilder.php(1629): CodeIgniter\Database\BaseConnection->query('SELECT *\nFROM `...', Array, false)
#4 C:\Code Igniter\project_1\system\Model.php(319): CodeIgniter\Database\BaseBuilder->get()
#5 C:\Code Igniter\project_1\system\BaseModel.php(714): CodeIgniter\Model->doFirst()
#6 C:\Code Igniter\project_1\app\Models\SliderModel.php(14): CodeIgniter\BaseModel->first()
#7 C:\Code Igniter\project_1\app\Controllers\Slider.php(35): App\Models\SliderModel->getSliderDetailes('1')
#8 C:\Code Igniter\project_1\system\CodeIgniter.php(933): App\Controllers\Slider->editSlider('1')
#9 C:\Code Igniter\project_1\system\CodeIgniter.php(509): CodeIgniter\CodeIgniter->runController(Object(App\Controllers\Slider))
#10 C:\Code Igniter\project_1\system\CodeIgniter.php(355): CodeIgniter\CodeIgniter->handleRequest(NULL, Object(Config\Cache), false)
#11 C:\Code Igniter\project_1\system\Boot.php(312): CodeIgniter\CodeIgniter->run()
#12 C:\Code Igniter\project_1\system\Boot.php(67): CodeIgniter\Boot::runCodeIgniter(Object(CodeIgniter\CodeIgniter))
#13 C:\Code Igniter\project_1\public\index.php(56): CodeIgniter\Boot::bootWeb(Object(Config\Paths))
#14 C:\Code Igniter\project_1\system\Commands\Server\rewrite.php(49): require_once('C:\\Code Igniter...')
#15 {main}
CRITICAL - 2024-08-13 20:22:02 --> CodeIgniter\Database\Exceptions\DatabaseException: Unknown column 'slug' in 'where clause'
[Method: GET, Route: backoffice-slider/1]
in SYSTEMPATH\Database\BaseConnection.php on line 676.
 1 SYSTEMPATH\Database\BaseBuilder.php(1629): CodeIgniter\Database\BaseConnection->query('SELECT *
FROM `slider`
WHERE `slug` = :slug:
 LIMIT 1', [...], false)
 2 SYSTEMPATH\Model.php(319): CodeIgniter\Database\BaseBuilder->get()
 3 SYSTEMPATH\BaseModel.php(714): CodeIgniter\Model->doFirst()
 4 APPPATH\Models\SliderModel.php(14): CodeIgniter\BaseModel->first()
 5 APPPATH\Controllers\Slider.php(35): App\Models\SliderModel->getSliderDetailes('1')
 6 SYSTEMPATH\CodeIgniter.php(933): App\Controllers\Slider->editSlider('1')
 7 SYSTEMPATH\CodeIgniter.php(509): CodeIgniter\CodeIgniter->runController(Object(App\Controllers\Slider))
 8 SYSTEMPATH\CodeIgniter.php(355): CodeIgniter\CodeIgniter->handleRequest(null, Object(Config\Cache), false)
 9 SYSTEMPATH\Boot.php(312): CodeIgniter\CodeIgniter->run()
10 SYSTEMPATH\Boot.php(67): CodeIgniter\Boot::runCodeIgniter(Object(CodeIgniter\CodeIgniter))
11 FCPATH\index.php(56): CodeIgniter\Boot::bootWeb(Object(Config\Paths))
12 SYSTEMPATH\Commands\Server\rewrite.php(49): require_once('C:\\Code Igniter\\project_1\\public\\index.php')
CRITICAL - 2024-08-13 20:22:02 --> [Caused by] CodeIgniter\Database\Exceptions\DatabaseException: Unknown column 'slug' in 'where clause'
in SYSTEMPATH\Database\MySQLi\Connection.php on line 313.
 1 SYSTEMPATH\Database\BaseConnection.php(722): CodeIgniter\Database\MySQLi\Connection->execute('SELECT *
FROM `slider`
WHERE `slug` = \'1\'
 LIMIT 1')
 2 SYSTEMPATH\Database\BaseConnection.php(636): CodeIgniter\Database\BaseConnection->simpleQuery('SELECT *
FROM `slider`
WHERE `slug` = \'1\'
 LIMIT 1')
 3 SYSTEMPATH\Database\BaseBuilder.php(1629): CodeIgniter\Database\BaseConnection->query('SELECT *
FROM `slider`
WHERE `slug` = :slug:
 LIMIT 1', [...], false)
 4 SYSTEMPATH\Model.php(319): CodeIgniter\Database\BaseBuilder->get()
 5 SYSTEMPATH\BaseModel.php(714): CodeIgniter\Model->doFirst()
 6 APPPATH\Models\SliderModel.php(14): CodeIgniter\BaseModel->first()
 7 APPPATH\Controllers\Slider.php(35): App\Models\SliderModel->getSliderDetailes('1')
 8 SYSTEMPATH\CodeIgniter.php(933): App\Controllers\Slider->editSlider('1')
 9 SYSTEMPATH\CodeIgniter.php(509): CodeIgniter\CodeIgniter->runController(Object(App\Controllers\Slider))
10 SYSTEMPATH\CodeIgniter.php(355): CodeIgniter\CodeIgniter->handleRequest(null, Object(Config\Cache), false)
11 SYSTEMPATH\Boot.php(312): CodeIgniter\CodeIgniter->run()
12 SYSTEMPATH\Boot.php(67): CodeIgniter\Boot::runCodeIgniter(Object(CodeIgniter\CodeIgniter))
13 FCPATH\index.php(56): CodeIgniter\Boot::bootWeb(Object(Config\Paths))
14 SYSTEMPATH\Commands\Server\rewrite.php(49): require_once('C:\\Code Igniter\\project_1\\public\\index.php')
CRITICAL - 2024-08-13 20:22:02 --> [Caused by] mysqli_sql_exception: Unknown column 'slug' in 'where clause'
in SYSTEMPATH\Database\MySQLi\Connection.php on line 308.
 1 SYSTEMPATH\Database\MySQLi\Connection.php(308): mysqli->query('SELECT *
FROM `slider`
WHERE `slug` = \'1\'
 LIMIT 1', 0)
 2 SYSTEMPATH\Database\BaseConnection.php(722): CodeIgniter\Database\MySQLi\Connection->execute('SELECT *
FROM `slider`
WHERE `slug` = \'1\'
 LIMIT 1')
 3 SYSTEMPATH\Database\BaseConnection.php(636): CodeIgniter\Database\BaseConnection->simpleQuery('SELECT *
FROM `slider`
WHERE `slug` = \'1\'
 LIMIT 1')
 4 SYSTEMPATH\Database\BaseBuilder.php(1629): CodeIgniter\Database\BaseConnection->query('SELECT *
FROM `slider`
WHERE `slug` = :slug:
 LIMIT 1', [...], false)
 5 SYSTEMPATH\Model.php(319): CodeIgniter\Database\BaseBuilder->get()
 6 SYSTEMPATH\BaseModel.php(714): CodeIgniter\Model->doFirst()
 7 APPPATH\Models\SliderModel.php(14): CodeIgniter\BaseModel->first()
 8 APPPATH\Controllers\Slider.php(35): App\Models\SliderModel->getSliderDetailes('1')
 9 SYSTEMPATH\CodeIgniter.php(933): App\Controllers\Slider->editSlider('1')
10 SYSTEMPATH\CodeIgniter.php(509): CodeIgniter\CodeIgniter->runController(Object(App\Controllers\Slider))
11 SYSTEMPATH\CodeIgniter.php(355): CodeIgniter\CodeIgniter->handleRequest(null, Object(Config\Cache), false)
12 SYSTEMPATH\Boot.php(312): CodeIgniter\CodeIgniter->run()
13 SYSTEMPATH\Boot.php(67): CodeIgniter\Boot::runCodeIgniter(Object(CodeIgniter\CodeIgniter))
14 FCPATH\index.php(56): CodeIgniter\Boot::bootWeb(Object(Config\Paths))
15 SYSTEMPATH\Commands\Server\rewrite.php(49): require_once('C:\\Code Igniter\\project_1\\public\\index.php')
ERROR - 2024-08-13 20:27:55 --> mysqli_sql_exception: Unknown column 'slug' in 'where clause' in C:\Code Igniter\project_1\system\Database\MySQLi\Connection.php:308
Stack trace:
#0 C:\Code Igniter\project_1\system\Database\MySQLi\Connection.php(308): mysqli->query('SELECT *\nFROM `...', 0)
#1 C:\Code Igniter\project_1\system\Database\BaseConnection.php(722): CodeIgniter\Database\MySQLi\Connection->execute('SELECT *\nFROM `...')
#2 C:\Code Igniter\project_1\system\Database\BaseConnection.php(636): CodeIgniter\Database\BaseConnection->simpleQuery('SELECT *\nFROM `...')
#3 C:\Code Igniter\project_1\system\Database\BaseBuilder.php(1629): CodeIgniter\Database\BaseConnection->query('SELECT *\nFROM `...', Array, false)
#4 C:\Code Igniter\project_1\system\Model.php(319): CodeIgniter\Database\BaseBuilder->get()
#5 C:\Code Igniter\project_1\system\BaseModel.php(714): CodeIgniter\Model->doFirst()
#6 C:\Code Igniter\project_1\app\Models\SliderModel.php(14): CodeIgniter\BaseModel->first()
#7 C:\Code Igniter\project_1\app\Controllers\Slider.php(35): App\Models\SliderModel->getSliderDetailes('1')
#8 C:\Code Igniter\project_1\system\CodeIgniter.php(933): App\Controllers\Slider->editSlider('1')
#9 C:\Code Igniter\project_1\system\CodeIgniter.php(509): CodeIgniter\CodeIgniter->runController(Object(App\Controllers\Slider))
#10 C:\Code Igniter\project_1\system\CodeIgniter.php(355): CodeIgniter\CodeIgniter->handleRequest(NULL, Object(Config\Cache), false)
#11 C:\Code Igniter\project_1\system\Boot.php(312): CodeIgniter\CodeIgniter->run()
#12 C:\Code Igniter\project_1\system\Boot.php(67): CodeIgniter\Boot::runCodeIgniter(Object(CodeIgniter\CodeIgniter))
#13 C:\Code Igniter\project_1\public\index.php(56): CodeIgniter\Boot::bootWeb(Object(Config\Paths))
#14 C:\Code Igniter\project_1\system\Commands\Server\rewrite.php(49): require_once('C:\\Code Igniter...')
#15 {main}
CRITICAL - 2024-08-13 20:27:55 --> CodeIgniter\Database\Exceptions\DatabaseException: Unknown column 'slug' in 'where clause'
[Method: GET, Route: backoffice-slider/1]
in SYSTEMPATH\Database\BaseConnection.php on line 676.
 1 SYSTEMPATH\Database\BaseBuilder.php(1629): CodeIgniter\Database\BaseConnection->query('SELECT *
FROM `slider`
WHERE `slug` = :slug:
 LIMIT 1', [...], false)
 2 SYSTEMPATH\Model.php(319): CodeIgniter\Database\BaseBuilder->get()
 3 SYSTEMPATH\BaseModel.php(714): CodeIgniter\Model->doFirst()
 4 APPPATH\Models\SliderModel.php(14): CodeIgniter\BaseModel->first()
 5 APPPATH\Controllers\Slider.php(35): App\Models\SliderModel->getSliderDetailes('1')
 6 SYSTEMPATH\CodeIgniter.php(933): App\Controllers\Slider->editSlider('1')
 7 SYSTEMPATH\CodeIgniter.php(509): CodeIgniter\CodeIgniter->runController(Object(App\Controllers\Slider))
 8 SYSTEMPATH\CodeIgniter.php(355): CodeIgniter\CodeIgniter->handleRequest(null, Object(Config\Cache), false)
 9 SYSTEMPATH\Boot.php(312): CodeIgniter\CodeIgniter->run()
10 SYSTEMPATH\Boot.php(67): CodeIgniter\Boot::runCodeIgniter(Object(CodeIgniter\CodeIgniter))
11 FCPATH\index.php(56): CodeIgniter\Boot::bootWeb(Object(Config\Paths))
12 SYSTEMPATH\Commands\Server\rewrite.php(49): require_once('C:\\Code Igniter\\project_1\\public\\index.php')
CRITICAL - 2024-08-13 20:27:55 --> [Caused by] CodeIgniter\Database\Exceptions\DatabaseException: Unknown column 'slug' in 'where clause'
in SYSTEMPATH\Database\MySQLi\Connection.php on line 313.
 1 SYSTEMPATH\Database\BaseConnection.php(722): CodeIgniter\Database\MySQLi\Connection->execute('SELECT *
FROM `slider`
WHERE `slug` = \'1\'
 LIMIT 1')
 2 SYSTEMPATH\Database\BaseConnection.php(636): CodeIgniter\Database\BaseConnection->simpleQuery('SELECT *
FROM `slider`
WHERE `slug` = \'1\'
 LIMIT 1')
 3 SYSTEMPATH\Database\BaseBuilder.php(1629): CodeIgniter\Database\BaseConnection->query('SELECT *
FROM `slider`
WHERE `slug` = :slug:
 LIMIT 1', [...], false)
 4 SYSTEMPATH\Model.php(319): CodeIgniter\Database\BaseBuilder->get()
 5 SYSTEMPATH\BaseModel.php(714): CodeIgniter\Model->doFirst()
 6 APPPATH\Models\SliderModel.php(14): CodeIgniter\BaseModel->first()
 7 APPPATH\Controllers\Slider.php(35): App\Models\SliderModel->getSliderDetailes('1')
 8 SYSTEMPATH\CodeIgniter.php(933): App\Controllers\Slider->editSlider('1')
 9 SYSTEMPATH\CodeIgniter.php(509): CodeIgniter\CodeIgniter->runController(Object(App\Controllers\Slider))
10 SYSTEMPATH\CodeIgniter.php(355): CodeIgniter\CodeIgniter->handleRequest(null, Object(Config\Cache), false)
11 SYSTEMPATH\Boot.php(312): CodeIgniter\CodeIgniter->run()
12 SYSTEMPATH\Boot.php(67): CodeIgniter\Boot::runCodeIgniter(Object(CodeIgniter\CodeIgniter))
13 FCPATH\index.php(56): CodeIgniter\Boot::bootWeb(Object(Config\Paths))
14 SYSTEMPATH\Commands\Server\rewrite.php(49): require_once('C:\\Code Igniter\\project_1\\public\\index.php')
CRITICAL - 2024-08-13 20:27:55 --> [Caused by] mysqli_sql_exception: Unknown column 'slug' in 'where clause'
in SYSTEMPATH\Database\MySQLi\Connection.php on line 308.
 1 SYSTEMPATH\Database\MySQLi\Connection.php(308): mysqli->query('SELECT *
FROM `slider`
WHERE `slug` = \'1\'
 LIMIT 1', 0)
 2 SYSTEMPATH\Database\BaseConnection.php(722): CodeIgniter\Database\MySQLi\Connection->execute('SELECT *
FROM `slider`
WHERE `slug` = \'1\'
 LIMIT 1')
 3 SYSTEMPATH\Database\BaseConnection.php(636): CodeIgniter\Database\BaseConnection->simpleQuery('SELECT *
FROM `slider`
WHERE `slug` = \'1\'
 LIMIT 1')
 4 SYSTEMPATH\Database\BaseBuilder.php(1629): CodeIgniter\Database\BaseConnection->query('SELECT *
FROM `slider`
WHERE `slug` = :slug:
 LIMIT 1', [...], false)
 5 SYSTEMPATH\Model.php(319): CodeIgniter\Database\BaseBuilder->get()
 6 SYSTEMPATH\BaseModel.php(714): CodeIgniter\Model->doFirst()
 7 APPPATH\Models\SliderModel.php(14): CodeIgniter\BaseModel->first()
 8 APPPATH\Controllers\Slider.php(35): App\Models\SliderModel->getSliderDetailes('1')
 9 SYSTEMPATH\CodeIgniter.php(933): App\Controllers\Slider->editSlider('1')
10 SYSTEMPATH\CodeIgniter.php(509): CodeIgniter\CodeIgniter->runController(Object(App\Controllers\Slider))
11 SYSTEMPATH\CodeIgniter.php(355): CodeIgniter\CodeIgniter->handleRequest(null, Object(Config\Cache), false)
12 SYSTEMPATH\Boot.php(312): CodeIgniter\CodeIgniter->run()
13 SYSTEMPATH\Boot.php(67): CodeIgniter\Boot::runCodeIgniter(Object(CodeIgniter\CodeIgniter))
14 FCPATH\index.php(56): CodeIgniter\Boot::bootWeb(Object(Config\Paths))
15 SYSTEMPATH\Commands\Server\rewrite.php(49): require_once('C:\\Code Igniter\\project_1\\public\\index.php')
CRITICAL - 2024-08-13 20:30:52 --> TypeError: Cannot access offset of type string on string
[Method: GET, Route: backoffice-slider/1]
in APPPATH\Views\pages\backoffice-edit-slider-form.php on line 123.
 1 SYSTEMPATH\View\View.php(234): include()
 2 SYSTEMPATH\View\View.php(237): CodeIgniter\View\View->CodeIgniter\View\{closure}()
 3 SYSTEMPATH\Common.php(1171): CodeIgniter\View\View->render('pages/backoffice-edit-slider-form', [], true)
 4 APPPATH\Controllers\Slider.php(38): view('pages/backoffice-edit-slider-form', [...])
 5 SYSTEMPATH\CodeIgniter.php(933): App\Controllers\Slider->editSlider('1')
 6 SYSTEMPATH\CodeIgniter.php(509): CodeIgniter\CodeIgniter->runController(Object(App\Controllers\Slider))
 7 SYSTEMPATH\CodeIgniter.php(355): CodeIgniter\CodeIgniter->handleRequest(null, Object(Config\Cache), false)
 8 SYSTEMPATH\Boot.php(312): CodeIgniter\CodeIgniter->run()
 9 SYSTEMPATH\Boot.php(67): CodeIgniter\Boot::runCodeIgniter(Object(CodeIgniter\CodeIgniter))
10 FCPATH\index.php(56): CodeIgniter\Boot::bootWeb(Object(Config\Paths))
11 SYSTEMPATH\Commands\Server\rewrite.php(49): require_once('C:\\Code Igniter\\project_1\\public\\index.php')
CRITICAL - 2024-08-13 20:39:13 --> TypeError: Cannot access offset of type string on string
[Method: GET, Route: backoffice-slider/1]
in APPPATH\Views\pages\backoffice-edit-slider-form.php on line 118.
 1 SYSTEMPATH\View\View.php(234): include()
 2 SYSTEMPATH\View\View.php(237): CodeIgniter\View\View->CodeIgniter\View\{closure}()
 3 SYSTEMPATH\Common.php(1171): CodeIgniter\View\View->render('pages/backoffice-edit-slider-form', [], true)
 4 APPPATH\Controllers\Slider.php(38): view('pages/backoffice-edit-slider-form', [...])
 5 SYSTEMPATH\CodeIgniter.php(933): App\Controllers\Slider->editSlider('1')
 6 SYSTEMPATH\CodeIgniter.php(509): CodeIgniter\CodeIgniter->runController(Object(App\Controllers\Slider))
 7 SYSTEMPATH\CodeIgniter.php(355): CodeIgniter\CodeIgniter->handleRequest(null, Object(Config\Cache), false)
 8 SYSTEMPATH\Boot.php(312): CodeIgniter\CodeIgniter->run()
 9 SYSTEMPATH\Boot.php(67): CodeIgniter\Boot::runCodeIgniter(Object(CodeIgniter\CodeIgniter))
10 FCPATH\index.php(56): CodeIgniter\Boot::bootWeb(Object(Config\Paths))
11 SYSTEMPATH\Commands\Server\rewrite.php(49): require_once('C:\\Code Igniter\\project_1\\public\\index.php')
CRITICAL - 2024-08-13 20:42:06 --> TypeError: Cannot access offset of type string on string
[Method: GET, Route: backoffice-slider/1]
in APPPATH\Views\pages\backoffice-edit-slider-form.php on line 118.
 1 SYSTEMPATH\View\View.php(234): include()
 2 SYSTEMPATH\View\View.php(237): CodeIgniter\View\View->CodeIgniter\View\{closure}()
 3 SYSTEMPATH\Common.php(1171): CodeIgniter\View\View->render('pages/backoffice-edit-slider-form', [], true)
 4 APPPATH\Controllers\Slider.php(38): view('pages/backoffice-edit-slider-form', [...])
 5 SYSTEMPATH\CodeIgniter.php(933): App\Controllers\Slider->editSlider('1')
 6 SYSTEMPATH\CodeIgniter.php(509): CodeIgniter\CodeIgniter->runController(Object(App\Controllers\Slider))
 7 SYSTEMPATH\CodeIgniter.php(355): CodeIgniter\CodeIgniter->handleRequest(null, Object(Config\Cache), false)
 8 SYSTEMPATH\Boot.php(312): CodeIgniter\CodeIgniter->run()
 9 SYSTEMPATH\Boot.php(67): CodeIgniter\Boot::runCodeIgniter(Object(CodeIgniter\CodeIgniter))
10 FCPATH\index.php(56): CodeIgniter\Boot::bootWeb(Object(Config\Paths))
11 SYSTEMPATH\Commands\Server\rewrite.php(49): require_once('C:\\Code Igniter\\project_1\\public\\index.php')
CRITICAL - 2024-08-13 20:47:45 --> TypeError: Cannot access offset of type string on string
[Method: GET, Route: backoffice-slider/1]
in APPPATH\Views\pages\backoffice-edit-slider-form.php on line 118.
 1 SYSTEMPATH\View\View.php(234): include()
 2 SYSTEMPATH\View\View.php(237): CodeIgniter\View\View->CodeIgniter\View\{closure}()
 3 SYSTEMPATH\Common.php(1171): CodeIgniter\View\View->render('pages/backoffice-edit-slider-form', [], true)
 4 APPPATH\Controllers\Slider.php(38): view('pages/backoffice-edit-slider-form', [...])
 5 SYSTEMPATH\CodeIgniter.php(933): App\Controllers\Slider->editSlider('1')
 6 SYSTEMPATH\CodeIgniter.php(509): CodeIgniter\CodeIgniter->runController(Object(App\Controllers\Slider))
 7 SYSTEMPATH\CodeIgniter.php(355): CodeIgniter\CodeIgniter->handleRequest(null, Object(Config\Cache), false)
 8 SYSTEMPATH\Boot.php(312): CodeIgniter\CodeIgniter->run()
 9 SYSTEMPATH\Boot.php(67): CodeIgniter\Boot::runCodeIgniter(Object(CodeIgniter\CodeIgniter))
10 FCPATH\index.php(56): CodeIgniter\Boot::bootWeb(Object(Config\Paths))
11 SYSTEMPATH\Commands\Server\rewrite.php(49): require_once('C:\\Code Igniter\\project_1\\public\\index.php')
CRITICAL - 2024-08-13 20:47:56 --> TypeError: Cannot access offset of type string on string
[Method: GET, Route: backoffice-slider/1]
in APPPATH\Views\pages\backoffice-edit-slider-form.php on line 118.
 1 SYSTEMPATH\View\View.php(234): include()
 2 SYSTEMPATH\View\View.php(237): CodeIgniter\View\View->CodeIgniter\View\{closure}()
 3 SYSTEMPATH\Common.php(1171): CodeIgniter\View\View->render('pages/backoffice-edit-slider-form', [], true)
 4 APPPATH\Controllers\Slider.php(38): view('pages/backoffice-edit-slider-form', [...])
 5 SYSTEMPATH\CodeIgniter.php(933): App\Controllers\Slider->editSlider('1')
 6 SYSTEMPATH\CodeIgniter.php(509): CodeIgniter\CodeIgniter->runController(Object(App\Controllers\Slider))
 7 SYSTEMPATH\CodeIgniter.php(355): CodeIgniter\CodeIgniter->handleRequest(null, Object(Config\Cache), false)
 8 SYSTEMPATH\Boot.php(312): CodeIgniter\CodeIgniter->run()
 9 SYSTEMPATH\Boot.php(67): CodeIgniter\Boot::runCodeIgniter(Object(CodeIgniter\CodeIgniter))
10 FCPATH\index.php(56): CodeIgniter\Boot::bootWeb(Object(Config\Paths))
11 SYSTEMPATH\Commands\Server\rewrite.php(49): require_once('C:\\Code Igniter\\project_1\\public\\index.php')
CRITICAL - 2024-08-13 20:50:07 --> TypeError: Cannot access offset of type string on string
[Method: GET, Route: backoffice-slider/1]
in APPPATH\Views\pages\backoffice-edit-slider-form.php on line 119.
 1 SYSTEMPATH\View\View.php(234): include()
 2 SYSTEMPATH\View\View.php(237): CodeIgniter\View\View->CodeIgniter\View\{closure}()
 3 SYSTEMPATH\Common.php(1171): CodeIgniter\View\View->render('pages/backoffice-edit-slider-form', [], true)
 4 APPPATH\Controllers\Slider.php(38): view('pages/backoffice-edit-slider-form', [...])
 5 SYSTEMPATH\CodeIgniter.php(933): App\Controllers\Slider->editSlider('1')
 6 SYSTEMPATH\CodeIgniter.php(509): CodeIgniter\CodeIgniter->runController(Object(App\Controllers\Slider))
 7 SYSTEMPATH\CodeIgniter.php(355): CodeIgniter\CodeIgniter->handleRequest(null, Object(Config\Cache), false)
 8 SYSTEMPATH\Boot.php(312): CodeIgniter\CodeIgniter->run()
 9 SYSTEMPATH\Boot.php(67): CodeIgniter\Boot::runCodeIgniter(Object(CodeIgniter\CodeIgniter))
10 FCPATH\index.php(56): CodeIgniter\Boot::bootWeb(Object(Config\Paths))
11 SYSTEMPATH\Commands\Server\rewrite.php(49): require_once('C:\\Code Igniter\\project_1\\public\\index.php')
CRITICAL - 2024-08-13 20:50:18 --> TypeError: Cannot access offset of type string on string
[Method: GET, Route: backoffice-slider/1]
in APPPATH\Views\pages\backoffice-edit-slider-form.php on line 119.
 1 SYSTEMPATH\View\View.php(234): include()
 2 SYSTEMPATH\View\View.php(237): CodeIgniter\View\View->CodeIgniter\View\{closure}()
 3 SYSTEMPATH\Common.php(1171): CodeIgniter\View\View->render('pages/backoffice-edit-slider-form', [], true)
 4 APPPATH\Controllers\Slider.php(38): view('pages/backoffice-edit-slider-form', [...])
 5 SYSTEMPATH\CodeIgniter.php(933): App\Controllers\Slider->editSlider('1')
 6 SYSTEMPATH\CodeIgniter.php(509): CodeIgniter\CodeIgniter->runController(Object(App\Controllers\Slider))
 7 SYSTEMPATH\CodeIgniter.php(355): CodeIgniter\CodeIgniter->handleRequest(null, Object(Config\Cache), false)
 8 SYSTEMPATH\Boot.php(312): CodeIgniter\CodeIgniter->run()
 9 SYSTEMPATH\Boot.php(67): CodeIgniter\Boot::runCodeIgniter(Object(CodeIgniter\CodeIgniter))
10 FCPATH\index.php(56): CodeIgniter\Boot::bootWeb(Object(Config\Paths))
11 SYSTEMPATH\Commands\Server\rewrite.php(49): require_once('C:\\Code Igniter\\project_1\\public\\index.php')
CRITICAL - 2024-08-13 20:50:49 --> TypeError: Cannot access offset of type string on string
[Method: GET, Route: backoffice-slider/1]
in APPPATH\Views\pages\backoffice-edit-slider-form.php on line 124.
 1 SYSTEMPATH\View\View.php(234): include()
 2 SYSTEMPATH\View\View.php(237): CodeIgniter\View\View->CodeIgniter\View\{closure}()
 3 SYSTEMPATH\Common.php(1171): CodeIgniter\View\View->render('pages/backoffice-edit-slider-form', [], true)
 4 APPPATH\Controllers\Slider.php(38): view('pages/backoffice-edit-slider-form', [...])
 5 SYSTEMPATH\CodeIgniter.php(933): App\Controllers\Slider->editSlider('1')
 6 SYSTEMPATH\CodeIgniter.php(509): CodeIgniter\CodeIgniter->runController(Object(App\Controllers\Slider))
 7 SYSTEMPATH\CodeIgniter.php(355): CodeIgniter\CodeIgniter->handleRequest(null, Object(Config\Cache), false)
 8 SYSTEMPATH\Boot.php(312): CodeIgniter\CodeIgniter->run()
 9 SYSTEMPATH\Boot.php(67): CodeIgniter\Boot::runCodeIgniter(Object(CodeIgniter\CodeIgniter))
10 FCPATH\index.php(56): CodeIgniter\Boot::bootWeb(Object(Config\Paths))
11 SYSTEMPATH\Commands\Server\rewrite.php(49): require_once('C:\\Code Igniter\\project_1\\public\\index.php')
CRITICAL - 2024-08-13 21:02:17 --> TypeError: Cannot access offset of type string on string
[Method: GET, Route: backoffice-slider/1]
in APPPATH\Views\pages\backoffice-edit-slider-form.php on line 118.
 1 SYSTEMPATH\View\View.php(234): include()
 2 SYSTEMPATH\View\View.php(237): CodeIgniter\View\View->CodeIgniter\View\{closure}()
 3 SYSTEMPATH\Common.php(1171): CodeIgniter\View\View->render('pages/backoffice-edit-slider-form', [], true)
 4 APPPATH\Controllers\Slider.php(38): view('pages/backoffice-edit-slider-form', [...])
 5 SYSTEMPATH\CodeIgniter.php(933): App\Controllers\Slider->editSlider('1')
 6 SYSTEMPATH\CodeIgniter.php(509): CodeIgniter\CodeIgniter->runController(Object(App\Controllers\Slider))
 7 SYSTEMPATH\CodeIgniter.php(355): CodeIgniter\CodeIgniter->handleRequest(null, Object(Config\Cache), false)
 8 SYSTEMPATH\Boot.php(312): CodeIgniter\CodeIgniter->run()
 9 SYSTEMPATH\Boot.php(67): CodeIgniter\Boot::runCodeIgniter(Object(CodeIgniter\CodeIgniter))
10 FCPATH\index.php(56): CodeIgniter\Boot::bootWeb(Object(Config\Paths))
11 SYSTEMPATH\Commands\Server\rewrite.php(49): require_once('C:\\Code Igniter\\project_1\\public\\index.php')
CRITICAL - 2024-08-13 21:03:38 --> TypeError: Cannot access offset of type string on string
[Method: GET, Route: backoffice-slider/1]
in APPPATH\Views\pages\backoffice-edit-slider-form.php on line 118.
 1 SYSTEMPATH\View\View.php(234): include()
 2 SYSTEMPATH\View\View.php(237): CodeIgniter\View\View->CodeIgniter\View\{closure}()
 3 SYSTEMPATH\Common.php(1171): CodeIgniter\View\View->render('pages/backoffice-edit-slider-form', [], true)
 4 APPPATH\Controllers\Slider.php(38): view('pages/backoffice-edit-slider-form', [...])
 5 SYSTEMPATH\CodeIgniter.php(933): App\Controllers\Slider->editSlider('1')
 6 SYSTEMPATH\CodeIgniter.php(509): CodeIgniter\CodeIgniter->runController(Object(App\Controllers\Slider))
 7 SYSTEMPATH\CodeIgniter.php(355): CodeIgniter\CodeIgniter->handleRequest(null, Object(Config\Cache), false)
 8 SYSTEMPATH\Boot.php(312): CodeIgniter\CodeIgniter->run()
 9 SYSTEMPATH\Boot.php(67): CodeIgniter\Boot::runCodeIgniter(Object(CodeIgniter\CodeIgniter))
10 FCPATH\index.php(56): CodeIgniter\Boot::bootWeb(Object(Config\Paths))
11 SYSTEMPATH\Commands\Server\rewrite.php(49): require_once('C:\\Code Igniter\\project_1\\public\\index.php')
CRITICAL - 2024-08-13 21:06:11 --> TypeError: Cannot access offset of type string on string
[Method: GET, Route: backoffice-slider/1]
in APPPATH\Views\pages\backoffice-edit-slider-form.php on line 118.
 1 SYSTEMPATH\View\View.php(234): include()
 2 SYSTEMPATH\View\View.php(237): CodeIgniter\View\View->CodeIgniter\View\{closure}()
 3 SYSTEMPATH\Common.php(1171): CodeIgniter\View\View->render('pages/backoffice-edit-slider-form', [], true)
 4 APPPATH\Controllers\Slider.php(38): view('pages/backoffice-edit-slider-form', [...])
 5 SYSTEMPATH\CodeIgniter.php(933): App\Controllers\Slider->editSlider('1')
 6 SYSTEMPATH\CodeIgniter.php(509): CodeIgniter\CodeIgniter->runController(Object(App\Controllers\Slider))
 7 SYSTEMPATH\CodeIgniter.php(355): CodeIgniter\CodeIgniter->handleRequest(null, Object(Config\Cache), false)
 8 SYSTEMPATH\Boot.php(312): CodeIgniter\CodeIgniter->run()
 9 SYSTEMPATH\Boot.php(67): CodeIgniter\Boot::runCodeIgniter(Object(CodeIgniter\CodeIgniter))
10 FCPATH\index.php(56): CodeIgniter\Boot::bootWeb(Object(Config\Paths))
11 SYSTEMPATH\Commands\Server\rewrite.php(49): require_once('C:\\Code Igniter\\project_1\\public\\index.php')
CRITICAL - 2024-08-13 21:06:49 --> TypeError: Cannot access offset of type string on string
[Method: GET, Route: backoffice-slider/1]
in APPPATH\Views\pages\backoffice-edit-slider-form.php on line 118.
 1 SYSTEMPATH\View\View.php(234): include()
 2 SYSTEMPATH\View\View.php(237): CodeIgniter\View\View->CodeIgniter\View\{closure}()
 3 SYSTEMPATH\Common.php(1171): CodeIgniter\View\View->render('pages/backoffice-edit-slider-form', [], true)
 4 APPPATH\Controllers\Slider.php(38): view('pages/backoffice-edit-slider-form', [...])
 5 SYSTEMPATH\CodeIgniter.php(933): App\Controllers\Slider->editSlider('1')
 6 SYSTEMPATH\CodeIgniter.php(509): CodeIgniter\CodeIgniter->runController(Object(App\Controllers\Slider))
 7 SYSTEMPATH\CodeIgniter.php(355): CodeIgniter\CodeIgniter->handleRequest(null, Object(Config\Cache), false)
 8 SYSTEMPATH\Boot.php(312): CodeIgniter\CodeIgniter->run()
 9 SYSTEMPATH\Boot.php(67): CodeIgniter\Boot::runCodeIgniter(Object(CodeIgniter\CodeIgniter))
10 FCPATH\index.php(56): CodeIgniter\Boot::bootWeb(Object(Config\Paths))
11 SYSTEMPATH\Commands\Server\rewrite.php(49): require_once('C:\\Code Igniter\\project_1\\public\\index.php')
CRITICAL - 2024-08-13 21:08:03 --> Error: Call to undefined function var_dmp()
[Method: GET, Route: backoffice-slider/1]
in APPPATH\Views\pages\backoffice-edit-slider-form.php on line 118.
 1 SYSTEMPATH\View\View.php(234): include()
 2 SYSTEMPATH\View\View.php(237): CodeIgniter\View\View->CodeIgniter\View\{closure}()
 3 SYSTEMPATH\Common.php(1171): CodeIgniter\View\View->render('pages/backoffice-edit-slider-form', [], true)
 4 APPPATH\Controllers\Slider.php(38): view('pages/backoffice-edit-slider-form', [...])
 5 SYSTEMPATH\CodeIgniter.php(933): App\Controllers\Slider->editSlider('1')
 6 SYSTEMPATH\CodeIgniter.php(509): CodeIgniter\CodeIgniter->runController(Object(App\Controllers\Slider))
 7 SYSTEMPATH\CodeIgniter.php(355): CodeIgniter\CodeIgniter->handleRequest(null, Object(Config\Cache), false)
 8 SYSTEMPATH\Boot.php(312): CodeIgniter\CodeIgniter->run()
 9 SYSTEMPATH\Boot.php(67): CodeIgniter\Boot::runCodeIgniter(Object(CodeIgniter\CodeIgniter))
10 FCPATH\index.php(56): CodeIgniter\Boot::bootWeb(Object(Config\Paths))
11 SYSTEMPATH\Commands\Server\rewrite.php(49): require_once('C:\\Code Igniter\\project_1\\public\\index.php')
CRITICAL - 2024-08-13 21:27:17 --> ErrorException: Undefined array key "Slider_id"
[Method: GET, Route: backoffice-slider/1]
in APPPATH\Views\pages\backoffice-edit-slider-form.php on line 122.
 1 APPPATH\Views\pages\backoffice-edit-slider-form.php(122): CodeIgniter\Debug\Exceptions->errorHandler(2, 'Undefined array key "Slider_id"', 'C:\\Code Igniter\\project_1\\app\\Views\\pages\\backoffice-edit-slider-form.php', 122)
 2 SYSTEMPATH\View\View.php(234): include('C:\\Code Igniter\\project_1\\app\\Views\\pages\\backoffice-edit-slider-form.php')
 3 SYSTEMPATH\View\View.php(237): CodeIgniter\View\View->CodeIgniter\View\{closure}()
 4 SYSTEMPATH\Common.php(1171): CodeIgniter\View\View->render('pages/backoffice-edit-slider-form', [], true)
 5 APPPATH\Controllers\Slider.php(38): view('pages/backoffice-edit-slider-form', [...])
 6 SYSTEMPATH\CodeIgniter.php(933): App\Controllers\Slider->editSlider('1')
 7 SYSTEMPATH\CodeIgniter.php(509): CodeIgniter\CodeIgniter->runController(Object(App\Controllers\Slider))
 8 SYSTEMPATH\CodeIgniter.php(355): CodeIgniter\CodeIgniter->handleRequest(null, Object(Config\Cache), false)
 9 SYSTEMPATH\Boot.php(312): CodeIgniter\CodeIgniter->run()
10 SYSTEMPATH\Boot.php(67): CodeIgniter\Boot::runCodeIgniter(Object(CodeIgniter\CodeIgniter))
11 FCPATH\index.php(56): CodeIgniter\Boot::bootWeb(Object(Config\Paths))
12 SYSTEMPATH\Commands\Server\rewrite.php(49): require_once('C:\\Code Igniter\\project_1\\public\\index.php')
CRITICAL - 2024-08-13 21:44:23 --> Error: Undefined constant "dashboard"
[Method: GET, Route: edit-slider/1]
in APPPATH\Views\templates\backoffice-header.php on line 20.
 1 SYSTEMPATH\View\View.php(234): include()
 2 SYSTEMPATH\View\View.php(237): CodeIgniter\View\View->CodeIgniter\View\{closure}()
 3 SYSTEMPATH\Common.php(1171): CodeIgniter\View\View->render('templates/backoffice-header', [], true)
 4 APPPATH\Controllers\Slider.php(39): view('templates/backoffice-header')
 5 SYSTEMPATH\CodeIgniter.php(933): App\Controllers\Slider->editSlider('1')
 6 SYSTEMPATH\CodeIgniter.php(509): CodeIgniter\CodeIgniter->runController(Object(App\Controllers\Slider))
 7 SYSTEMPATH\CodeIgniter.php(355): CodeIgniter\CodeIgniter->handleRequest(null, Object(Config\Cache), false)
 8 SYSTEMPATH\Boot.php(312): CodeIgniter\CodeIgniter->run()
 9 SYSTEMPATH\Boot.php(67): CodeIgniter\Boot::runCodeIgniter(Object(CodeIgniter\CodeIgniter))
10 FCPATH\index.php(56): CodeIgniter\Boot::bootWeb(Object(Config\Paths))
11 SYSTEMPATH\Commands\Server\rewrite.php(49): require_once('C:\\Code Igniter\\project_1\\public\\index.php')
